Copyright 1986-2018 Xilinx, Inc. All Rights Reserved.
-----------------------------------------------------------------------------------------------
| Tool Version : Vivado v.2018.1 (win64) Build 2188600 Wed Apr  4 18:40:38 MDT 2018
| Date         : Sat Apr 28 21:16:56 2018
| Host         : DESKTOP-55SCUS4 running 64-bit major release  (build 9200)
| Command      : report_control_sets -verbose -file simple_led_wrapper_control_sets_placed.rpt
| Design       : simple_led_wrapper
| Device       : xc7z010
-----------------------------------------------------------------------------------------------

Control Set Information

Table of Contents
-----------------
1. Summary
2. Histogram
3. Flip-Flop Distribution
4. Detailed Control Set Information

1. Summary
----------

+----------------------------------------------------------+-------+
|                          Status                          | Count |
+----------------------------------------------------------+-------+
| Number of unique control sets                            |    46 |
| Unused register locations in slices containing registers |   112 |
+----------------------------------------------------------+-------+


2. Histogram
------------

+--------+--------------+
| Fanout | Control Sets |
+--------+--------------+
|      2 |            1 |
|      4 |           12 |
|      5 |            2 |
|      6 |            2 |
|      8 |            3 |
|     11 |            1 |
|     12 |            4 |
|     13 |            1 |
|     14 |            2 |
|    16+ |           18 |
+--------+--------------+


3. Flip-Flop Distribution
-------------------------

+--------------+-----------------------+------------------------+-----------------+--------------+
| Clock Enable | Synchronous Set/Reset | Asynchronous Set/Reset | Total Registers | Total Slices |
+--------------+-----------------------+------------------------+-----------------+--------------+
| No           | No                    | No                     |             174 |           57 |
| No           | No                    | Yes                    |               0 |            0 |
| No           | Yes                   | No                     |             164 |           53 |
| Yes          | No                    | No                     |             469 |          120 |
| Yes          | No                    | Yes                    |               0 |            0 |
| Yes          | Yes                   | No                     |             105 |           28 |
+--------------+-----------------------+------------------------+-----------------+--------------+


4. Detailed Control Set Information
-----------------------------------

+---------------------------------------------------+------------------------------------------------------------------------------------------------------------------------------------------------------------------+----------------------------------------------------------------------------------------------------------------------------------------------+------------------+----------------+
|                    Clock Signal                   |                                                                           Enable Signal                                                                          |                                                               Set/Reset Signal                                                               | Slice Load Count | Bel Load Count |
+---------------------------------------------------+------------------------------------------------------------------------------------------------------------------------------------------------------------------+----------------------------------------------------------------------------------------------------------------------------------------------+------------------+----------------+
|  simple_led_i/processing_system7_0/inst/FCLK_CLK0 | simple_led_i/ps7_0_axi_periph/s00_couplers/auto_pc/inst/gen_axilite.gen_b2s_conv.axilite_b2s/WR.b_channel_0/bid_fifo_0/bresp_push                                |                                                                                                                                              |                1 |              2 |
|  simple_led_i/processing_system7_0/inst/FCLK_CLK0 |                                                                                                                                                                  | simple_led_i/axi_gpio_1/U0/AXI_LITE_IPIF_I/I_SLAVE_ATTACHMENT/clear                                                                          |                1 |              4 |
|  simple_led_i/processing_system7_0/inst/FCLK_CLK0 |                                                                                                                                                                  | simple_led_i/axi_gpio_1/U0/gpio_core_1/Not_Dual.ALLIN1_ND.READ_REG_GEN[3].reg1[31]_i_1_n_0                                                   |                1 |              4 |
|  simple_led_i/processing_system7_0/inst/FCLK_CLK0 |                                                                                                                                                                  | simple_led_i/ps7_0_axi_periph/s00_couplers/auto_pc/inst/gen_axilite.gen_b2s_conv.axilite_b2s/SI_REG/ar.ar_pipe/m_valid_i_reg_0               |                3 |              4 |
|  simple_led_i/processing_system7_0/inst/FCLK_CLK0 |                                                                                                                                                                  | simple_led_i/ps7_0_axi_periph/s00_couplers/auto_pc/inst/gen_axilite.gen_b2s_conv.axilite_b2s/SI_REG/aw.aw_pipe/s_ready_i_reg_0               |                3 |              4 |
|  simple_led_i/processing_system7_0/inst/FCLK_CLK0 | simple_led_i/ps7_0_axi_periph/s00_couplers/auto_pc/inst/gen_axilite.gen_b2s_conv.axilite_b2s/RD.ar_channel_0/ar_cmd_fsm_0/E[0]                                   | simple_led_i/ps7_0_axi_periph/s00_couplers/auto_pc/inst/gen_axilite.gen_b2s_conv.axilite_b2s/RD.ar_channel_0/ar_cmd_fsm_0/axlen_cnt_reg[7]   |                1 |              4 |
|  simple_led_i/processing_system7_0/inst/FCLK_CLK0 |                                                                                                                                                                  | simple_led_i/axi_gpio_0/U0/AXI_LITE_IPIF_I/I_SLAVE_ATTACHMENT/clear                                                                          |                1 |              4 |
|  simple_led_i/processing_system7_0/inst/FCLK_CLK0 | simple_led_i/axi_gpio_1/U0/AXI_LITE_IPIF_I/I_SLAVE_ATTACHMENT/I_DECODER/Not_Dual.gpio_OE_reg[0][0]                                                               | simple_led_i/axi_gpio_1/U0/bus2ip_reset                                                                                                      |                1 |              4 |
|  simple_led_i/processing_system7_0/inst/FCLK_CLK0 | simple_led_i/ps7_0_axi_periph/s00_couplers/auto_pc/inst/gen_axilite.gen_b2s_conv.axilite_b2s/WR.aw_channel_0/aw_cmd_fsm_0/axaddr_wrap_reg[11][0]                 | simple_led_i/ps7_0_axi_periph/s00_couplers/auto_pc/inst/gen_axilite.gen_b2s_conv.axilite_b2s/WR.aw_channel_0/aw_cmd_fsm_0/axlen_cnt_reg[7]_1 |                2 |              4 |
|  simple_led_i/processing_system7_0/inst/FCLK_CLK0 | simple_led_i/axi_gpio_0/U0/AXI_LITE_IPIF_I/I_SLAVE_ATTACHMENT/I_DECODER/E[0]                                                                                     | simple_led_i/axi_gpio_0/U0/AXI_LITE_IPIF_I/I_SLAVE_ATTACHMENT/SR[0]                                                                          |                1 |              4 |
|  simple_led_i/processing_system7_0/inst/FCLK_CLK0 | simple_led_i/axi_gpio_0/U0/AXI_LITE_IPIF_I/I_SLAVE_ATTACHMENT/I_DECODER/Not_Dual.gpio_OE_reg[0][0]                                                               | simple_led_i/axi_gpio_0/U0/AXI_LITE_IPIF_I/I_SLAVE_ATTACHMENT/SR[0]                                                                          |                2 |              4 |
|  simple_led_i/processing_system7_0/inst/FCLK_CLK0 | simple_led_i/axi_gpio_0/U0/AXI_LITE_IPIF_I/I_SLAVE_ATTACHMENT/bus2ip_addr_i[8]_i_1_n_0                                                                           | simple_led_i/axi_gpio_0/U0/AXI_LITE_IPIF_I/I_SLAVE_ATTACHMENT/SR[0]                                                                          |                1 |              4 |
|  simple_led_i/processing_system7_0/inst/FCLK_CLK0 | simple_led_i/axi_gpio_0/U0/AXI_LITE_IPIF_I/I_SLAVE_ATTACHMENT/start2                                                                                             | simple_led_i/axi_gpio_0/U0/AXI_LITE_IPIF_I/I_SLAVE_ATTACHMENT/I_DECODER/cs_ce_clr                                                            |                1 |              4 |
|  simple_led_i/processing_system7_0/inst/FCLK_CLK0 |                                                                                                                                                                  | simple_led_i/rst_ps7_0_100M/U0/EXT_LPF/lpf_int                                                                                               |                1 |              5 |
|  simple_led_i/processing_system7_0/inst/FCLK_CLK0 | simple_led_i/axi_gpio_0/U0/AXI_LITE_IPIF_I/I_SLAVE_ATTACHMENT/s_axi_rresp_i                                                                                      | simple_led_i/axi_gpio_0/U0/AXI_LITE_IPIF_I/I_SLAVE_ATTACHMENT/SR[0]                                                                          |                1 |              5 |
|  simple_led_i/processing_system7_0/inst/FCLK_CLK0 | simple_led_i/axi_gpio_1/U0/AXI_LITE_IPIF_I/I_SLAVE_ATTACHMENT/s_axi_rresp_i                                                                                      | simple_led_i/axi_gpio_1/U0/bus2ip_reset                                                                                                      |                1 |              6 |
|  simple_led_i/processing_system7_0/inst/FCLK_CLK0 | simple_led_i/rst_ps7_0_100M/U0/SEQ/seq_cnt_en                                                                                                                    | simple_led_i/rst_ps7_0_100M/U0/SEQ/SEQ_COUNTER/clear                                                                                         |                1 |              6 |
|  simple_led_i/processing_system7_0/inst/FCLK_CLK0 | simple_led_i/ps7_0_axi_periph/s00_couplers/auto_pc/inst/gen_axilite.gen_b2s_conv.axilite_b2s/WR.b_channel_0/mhandshake_r                                         | simple_led_i/ps7_0_axi_periph/s00_couplers/auto_pc/inst/gen_axilite.gen_b2s_conv.axilite_b2s/WR.b_channel_0/bid_fifo_0/SR[0]                 |                3 |              8 |
|  simple_led_i/processing_system7_0/inst/FCLK_CLK0 |                                                                                                                                                                  | simple_led_i/axi_gpio_0/U0/gpio_core_1/Read_Reg_Rst                                                                                          |                2 |              8 |
|  simple_led_i/processing_system7_0/inst/FCLK_CLK0 | simple_led_i/axi_gpio_1/U0/AXI_LITE_IPIF_I/I_SLAVE_ATTACHMENT/bus2ip_addr_i[8]_i_1_n_0                                                                           | simple_led_i/axi_gpio_1/U0/bus2ip_reset                                                                                                      |                2 |              8 |
|  simple_led_i/processing_system7_0/inst/FCLK_CLK0 |                                                                                                                                                                  | simple_led_i/ps7_0_axi_periph/xbar/inst/gen_sasd.crossbar_sasd_0/addr_arbiter_inst/SR[0]                                                     |                7 |             11 |
|  simple_led_i/processing_system7_0/inst/FCLK_CLK0 | simple_led_i/ps7_0_axi_periph/s00_couplers/auto_pc/inst/gen_axilite.gen_b2s_conv.axilite_b2s/RD.ar_channel_0/ar_cmd_fsm_0/axaddr_incr_reg[0][0]                  |                                                                                                                                              |                3 |             12 |
|  simple_led_i/processing_system7_0/inst/FCLK_CLK0 | simple_led_i/ps7_0_axi_periph/s00_couplers/auto_pc/inst/gen_axilite.gen_b2s_conv.axilite_b2s/WR.aw_channel_0/cmd_translator_0/incr_cmd_0/axaddr_incr[11]_i_1_n_0 |                                                                                                                                              |                3 |             12 |
|  simple_led_i/processing_system7_0/inst/FCLK_CLK0 | simple_led_i/ps7_0_axi_periph/s00_couplers/auto_pc/inst/gen_axilite.gen_b2s_conv.axilite_b2s/WR.aw_channel_0/aw_cmd_fsm_0/E[0]                                   |                                                                                                                                              |                5 |             12 |
|  simple_led_i/processing_system7_0/inst/FCLK_CLK0 | simple_led_i/ps7_0_axi_periph/s00_couplers/auto_pc/inst/gen_axilite.gen_b2s_conv.axilite_b2s/RD.ar_channel_0/ar_cmd_fsm_0/wrap_boundary_axaddr_r_reg[11][0]      |                                                                                                                                              |                6 |             12 |
|  simple_led_i/processing_system7_0/inst/FCLK_CLK0 | simple_led_i/ps7_0_axi_periph/s00_couplers/auto_pc/inst/gen_axilite.gen_b2s_conv.axilite_b2s/RD.r_channel_0/r_push_r                                             |                                                                                                                                              |                4 |             13 |
|  simple_led_i/processing_system7_0/inst/FCLK_CLK0 | simple_led_i/ps7_0_axi_periph/s00_couplers/auto_pc/inst/gen_axilite.gen_b2s_conv.axilite_b2s/SI_REG/b.b_pipe/skid_buffer_reg[0]_0                                |                                                                                                                                              |                2 |             14 |
|  simple_led_i/processing_system7_0/inst/FCLK_CLK0 | simple_led_i/ps7_0_axi_periph/s00_couplers/auto_pc/inst/gen_axilite.gen_b2s_conv.axilite_b2s/SI_REG/b.b_pipe/p_1_in                                              |                                                                                                                                              |                2 |             14 |
|  simple_led_i/processing_system7_0/inst/FCLK_CLK0 | simple_led_i/ps7_0_axi_periph/s00_couplers/auto_pc/inst/gen_axilite.gen_b2s_conv.axilite_b2s/WR.aw_channel_0/aw_cmd_fsm_0/b_push                                 |                                                                                                                                              |                3 |             16 |
|  simple_led_i/processing_system7_0/inst/FCLK_CLK0 | simple_led_i/ps7_0_axi_periph/s00_couplers/auto_pc/inst/gen_axilite.gen_b2s_conv.axilite_b2s/RD.ar_channel_0/ar_cmd_fsm_0/E[0]                                   |                                                                                                                                              |                7 |             20 |
|  simple_led_i/processing_system7_0/inst/FCLK_CLK0 |                                                                                                                                                                  | simple_led_i/axi_gpio_0/U0/AXI_LITE_IPIF_I/I_SLAVE_ATTACHMENT/SR[0]                                                                          |                7 |             20 |
|  simple_led_i/processing_system7_0/inst/FCLK_CLK0 | simple_led_i/ps7_0_axi_periph/s00_couplers/auto_pc/inst/gen_axilite.gen_b2s_conv.axilite_b2s/WR.aw_channel_0/aw_cmd_fsm_0/axaddr_wrap_reg[11][0]                 |                                                                                                                                              |                7 |             20 |
|  simple_led_i/processing_system7_0/inst/FCLK_CLK0 | simple_led_i/axi_gpio_1/U0/AXI_LITE_IPIF_I/I_SLAVE_ATTACHMENT/start2                                                                                             | simple_led_i/axi_gpio_1/U0/AXI_LITE_IPIF_I/I_SLAVE_ATTACHMENT/I_DECODER/cs_ce_clr                                                            |                4 |             21 |
|  simple_led_i/processing_system7_0/inst/FCLK_CLK0 | simple_led_i/ps7_0_axi_periph/xbar/inst/gen_sasd.crossbar_sasd_0/addr_arbiter_inst/p_0_in1_in                                                                    | simple_led_i/ps7_0_axi_periph/xbar/inst/gen_sasd.crossbar_sasd_0/addr_arbiter_inst/SR[0]                                                     |                7 |             23 |
|  simple_led_i/processing_system7_0/inst/FCLK_CLK0 | simple_led_i/ps7_0_axi_periph/xbar/inst/gen_sasd.crossbar_sasd_0/reg_slice_r/aa_rready                                                                           |                                                                                                                                              |               11 |             32 |
|  simple_led_i/processing_system7_0/inst/FCLK_CLK0 | simple_led_i/ps7_0_axi_periph/s00_couplers/auto_pc/inst/gen_axilite.gen_b2s_conv.axilite_b2s/RD.r_channel_0/rd_data_fifo_0/wr_en0                                |                                                                                                                                              |                9 |             34 |
|  simple_led_i/processing_system7_0/inst/FCLK_CLK0 | simple_led_i/ps7_0_axi_periph/xbar/inst/gen_sasd.crossbar_sasd_0/addr_arbiter_inst/E[0]                                                                          |                                                                                                                                              |               11 |             35 |
|  simple_led_i/processing_system7_0/inst/FCLK_CLK0 |                                                                                                                                                                  | simple_led_i/axi_gpio_1/U0/bus2ip_reset                                                                                                      |               12 |             40 |
|  simple_led_i/processing_system7_0/inst/FCLK_CLK0 | simple_led_i/ps7_0_axi_periph/s00_couplers/auto_pc/inst/gen_axilite.gen_b2s_conv.axilite_b2s/SI_REG/r.r_pipe/p_1_in                                              |                                                                                                                                              |                7 |             47 |
|  simple_led_i/processing_system7_0/inst/FCLK_CLK0 | simple_led_i/ps7_0_axi_periph/s00_couplers/auto_pc/inst/gen_axilite.gen_b2s_conv.axilite_b2s/SI_REG/r.r_pipe/skid_buffer_reg[0]_0                                |                                                                                                                                              |                9 |             47 |
|  simple_led_i/processing_system7_0/inst/FCLK_CLK0 | simple_led_i/ps7_0_axi_periph/s00_couplers/auto_pc/inst/gen_axilite.gen_b2s_conv.axilite_b2s/SI_REG/ar.ar_pipe/s_axi_arready                                     |                                                                                                                                              |               16 |             48 |
|  simple_led_i/processing_system7_0/inst/FCLK_CLK0 | simple_led_i/ps7_0_axi_periph/s00_couplers/auto_pc/inst/gen_axilite.gen_b2s_conv.axilite_b2s/SI_REG/aw.aw_pipe/s_axi_awready                                     |                                                                                                                                              |                9 |             48 |
|  simple_led_i/processing_system7_0/inst/FCLK_CLK0 | simple_led_i/ps7_0_axi_periph/s00_couplers/auto_pc/inst/gen_axilite.gen_b2s_conv.axilite_b2s/RD.ar_channel_0/ar_cmd_fsm_0/m_payload_i_reg[0]_1[0]                |                                                                                                                                              |               13 |             48 |
|  simple_led_i/processing_system7_0/inst/FCLK_CLK0 | simple_led_i/ps7_0_axi_periph/s00_couplers/auto_pc/inst/gen_axilite.gen_b2s_conv.axilite_b2s/WR.aw_channel_0/aw_cmd_fsm_0/m_payload_i_reg[0][0]                  |                                                                                                                                              |                9 |             48 |
|  simple_led_i/processing_system7_0/inst/FCLK_CLK0 |                                                                                                                                                                  | simple_led_i/ps7_0_axi_periph/s00_couplers/auto_pc/inst/gen_axilite.gen_b2s_conv.axilite_b2s/areset_d1                                       |               15 |             60 |
|  simple_led_i/processing_system7_0/inst/FCLK_CLK0 |                                                                                                                                                                  |                                                                                                                                              |               58 |            175 |
+---------------------------------------------------+------------------------------------------------------------------------------------------------------------------------------------------------------------------+----------------------------------------------------------------------------------------------------------------------------------------------+------------------+----------------+


